<?xml version="1.0" encoding="UTF-8"?>
<!-- Generated by org.testng.reporters.JUnitXMLReporter -->
<testsuite hostname="DESKTOP-L7BIOS9" name="Free CRM App Test Cases" tests="9" failures="0" timestamp="12 Jan 2019 22:24:37 GMT" time="71.853" errors="0">
  <testcase name="loginPageTitleTest" time="0.014" classname="com.crm.qa.testcases.LoginPageTest"/>
  <testcase name="loginPageCRMImageTest" time="0.099" classname="com.crm.qa.testcases.LoginPageTest"/>
  <testcase name="loginTest" time="3.776" classname="com.crm.qa.testcases.LoginPageTest"/>
  <testcase name="contactPageTitleTest" time="0.008" classname="com.crm.qa.testcases.HomePageTest"/>
  <testcase name="userNameLabelTest" time="0.144" classname="com.crm.qa.testcases.HomePageTest"/>
  <testcase name="verifyContactsLinkTest" time="1.071" classname="com.crm.qa.testcases.HomePageTest"/>
  <testcase name="verifyContactsPageLabelTest" time="0.026" classname="com.crm.qa.testcases.ContactsPageTest"/>
  <testcase name="selectSingleContactsTest" time="0.074" classname="com.crm.qa.testcases.ContactsPageTest"/>
  <testcase name="selectMultipleContactsTest" time="0.142" classname="com.crm.qa.testcases.ContactsPageTest"/>
</testsuite> <!-- Free CRM App Test Cases -->
